SF:lib/src/core/models/task_event.dart
DA:7,15
DA:9,10
DA:11,5
DA:15,12
DA:17,3
DA:18,9
DA:21,1
DA:22,2
DA:30,3
DA:32,1
DA:33,3
LF:11
LH:11
end_of_record
SF:lib/src/core/models/task_model.dart
DA:10,14
DA:17,2
DA:18,2
DA:19,2
DA:20,2
DA:21,2
DA:22,2
DA:26,2
DA:27,2
DA:28,2
DA:29,2
DA:30,2
DA:31,4
DA:35,1
DA:41,1
DA:42,1
DA:43,1
DA:44,1
DA:45,1
DA:49,7
DA:50,35
LF:21
LH:21
end_of_record
SF:lib/main.dart
DA:6,1
DA:7,1
DA:8,1
DA:12,31
DA:14,1
DA:16,1
DA:17,1
LF:7
LH:7
end_of_record
SF:lib/src/core/theme/theme_app.dart
DA:5,3
DA:17,1
DA:31,1
DA:32,1
DA:33,2
LF:5
LH:5
end_of_record
SF:lib/src/features/home_navigation/views/home_navigation.dart
DA:11,31
DA:13,1
DA:14,1
DA:27,1
DA:29,1
DA:35,1
DA:36,1
DA:37,1
DA:39,1
DA:40,1
DA:41,1
DA:46,0
DA:47,0
DA:48,0
DA:50,0
DA:51,0
LF:16
LH:11
end_of_record
SF:lib/src/injection_container.dart
DA:23,3
DA:25,1
DA:27,2
DA:28,2
DA:32,4
DA:33,2
DA:37,2
DA:38,4
DA:40,2
DA:41,4
DA:43,2
DA:44,4
DA:46,2
DA:47,4
DA:49,2
DA:50,4
DA:52,2
DA:53,2
DA:54,2
DA:57,2
DA:58,2
DA:59,2
DA:62,2
DA:63,4
DA:66,2
DA:67,4
DA:71,4
DA:72,2
DA:73,4
DA:75,2
DA:76,2
DA:77,2
DA:78,2
DA:79,2
DA:82,2
DA:83,4
DA:86,2
DA:87,4
DA:89,2
DA:90,4
DA:92,2
DA:93,2
DA:95,2
DA:96,2
DA:97,2
DA:98,2
LF:46
LH:46
end_of_record
SF:lib/src/core/bloc/update_task_bloc.dart
DA:10,2
DA:12,2
DA:13,4
DA:16,1
DA:20,3
DA:22,3
DA:25,3
DA:28,3
DA:33,3
LF:9
LH:9
end_of_record
SF:lib/src/core/bloc/update_task_event.dart
DA:9,2
DA:11,1
DA:12,2
LF:3
LH:3
end_of_record
SF:lib/src/core/bloc/update_task_state.dart
DA:9,35
DA:14,2
DA:18,2
DA:19,1
DA:20,0
DA:24,2
DA:25,6
LF:7
LH:6
end_of_record
SF:lib/src/domain/usecase/update_task_usecase.dart
DA:10,1
DA:13,0
DA:16,0
DA:18,0
DA:19,0
DA:21,0
LF:6
LH:1
end_of_record
SF:lib/src/core/constants/app_colors.dart
DA:16,4
DA:17,0
LF:2
LH:1
end_of_record
SF:lib/src/core/constants/app_strings.dart
DA:4,1
DA:5,1
DA:46,0
DA:47,0
LF:4
LH:2
end_of_record
SF:lib/src/core/erros/exceptions.dart
DA:3,1
DA:8,1
LF:2
LH:2
end_of_record
SF:lib/src/core/erros/failures.dart
DA:4,1
DA:5,1
LF:2
LH:2
end_of_record
SF:lib/src/core/extensions/size_extension.dart
DA:4,15
LF:1
LH:1
end_of_record
SF:lib/src/core/extensions/theme_extension.dart
DA:4,12
LF:1
LH:1
end_of_record
SF:lib/src/core/extensions/title_extension.dart
DA:2,0
DA:3,0
DA:4,0
LF:3
LH:0
end_of_record
SF:lib/src/core/mixins/task_listener_mixin.dart
DA:14,5
DA:16,5
DA:17,25
DA:20,3
DA:21,3
DA:24,5
DA:26,10
DA:27,5
LF:8
LH:8
end_of_record
SF:lib/src/core/mixins/task_notifier_mixin.dart
DA:11,2
DA:13,2
DA:14,6
LF:3
LH:3
end_of_record
SF:lib/src/core/usecase/usecase.dart
DA:9,4
DA:10,4
LF:2
LH:2
end_of_record
SF:lib/src/core/widgets/app_bar_widget.dart
DA:8,31
DA:10,1
DA:12,1
DA:13,1
DA:14,1
DA:15,1
DA:17,1
DA:18,1
DA:19,1
DA:21,2
DA:24,1
DA:26,1
DA:30,1
DA:33,0
LF:14
LH:13
end_of_record
SF:lib/src/core/widgets/app_input_text_widget.dart
DA:7,2
DA:18,2
DA:20,2
DA:21,2
DA:23,2
DA:24,6
DA:29,2
DA:30,4
DA:32,2
DA:33,2
DA:34,6
LF:11
LH:11
end_of_record
SF:lib/src/core/widgets/button/bloc/button_cubit.dart
DA:6,4
DA:8,2
DA:9,6
LF:3
LH:3
end_of_record
SF:lib/src/core/widgets/button/bloc/button_state.dart
DA:7,37
DA:9,3
DA:10,4
DA:13,3
DA:14,6
LF:5
LH:5
end_of_record
SF:lib/src/core/widgets/button/view/app_buttom_widget.dart
DA:14,4
DA:24,3
DA:31,3
DA:41,2
DA:49,2
DA:60,3
DA:62,6
DA:63,6
DA:65,3
DA:66,3
DA:67,3
DA:68,6
DA:69,7
DA:70,3
DA:73,3
DA:75,3
DA:76,2
DA:77,2
DA:78,2
DA:84,3
DA:86,3
DA:87,3
DA:88,9
DA:91,3
DA:92,3
LF:25
LH:25
end_of_record
SF:lib/src/core/widgets/header_page.dart
DA:8,1
DA:10,1
DA:12,1
DA:14,1
DA:16,1
DA:17,1
DA:41,1
DA:42,2
DA:44,3
LF:9
LH:9
end_of_record
SF:lib/src/core/widgets/header_page_loading.dart
DA:5,31
DA:7,1
LF:2
LH:2
end_of_record
SF:lib/src/core/widgets/loading_item_widget.dart
DA:11,62
DA:19,1
DA:21,1
DA:23,1
DA:24,1
DA:25,1
DA:26,1
DA:27,1
DA:28,1
DA:30,2
LF:10
LH:10
end_of_record
SF:lib/src/core/widgets/snackbar/snackbar_floating.dart
DA:13,2
DA:23,2
DA:24,4
DA:25,4
DA:26,2
DA:27,2
DA:28,2
DA:38,2
DA:39,2
DA:43,2
DA:45,2
DA:48,2
DA:49,4
DA:50,2
DA:52,2
DA:54,2
DA:55,2
DA:56,2
DA:57,4
DA:58,6
DA:59,4
DA:63,2
DA:64,4
LF:23
LH:23
end_of_record
SF:lib/src/core/widgets/snackbar/snackbar_mixin.dart
DA:7,2
DA:11,2
DA:14,2
DA:22,2
DA:25,0
DA:29,0
DA:40,0
LF:7
LH:4
end_of_record
SF:lib/src/core/widgets/state_pages/empty_list_task_widget.dart
DA:13,93
DA:15,3
DA:17,3
DA:19,3
DA:20,12
DA:21,3
DA:22,3
DA:23,3
DA:24,3
DA:26,3
DA:28,6
DA:31,3
DA:32,3
DA:33,3
DA:37,1
DA:38,1
LF:16
LH:16
end_of_record
SF:lib/src/features/create_task/view/create_task_view.dart
DA:22,31
DA:24,2
DA:25,2
DA:28,2
DA:29,6
DA:36,4
DA:37,2
DA:38,2
DA:39,0
DA:41,2
DA:42,0
DA:50,2
DA:51,2
DA:62,2
DA:64,2
DA:65,6
DA:66,6
DA:68,4
DA:70,5
DA:71,3
DA:72,2
DA:75,2
DA:79,2
DA:81,2
DA:82,2
DA:83,2
DA:84,2
DA:85,2
DA:86,2
DA:87,2
DA:88,2
DA:90,2
DA:95,1
DA:96,0
DA:97,0
DA:103,2
DA:106,2
DA:107,2
DA:108,2
DA:109,6
DA:114,2
DA:115,2
DA:117,2
DA:118,2
DA:119,2
DA:120,2
DA:123,2
DA:125,2
DA:128,2
DA:134,2
DA:136,2
DA:141,2
DA:144,2
DA:149,2
DA:150,2
DA:151,2
DA:152,2
DA:154,2
DA:157,2
DA:158,3
DA:159,1
DA:160,2
DA:161,2
LF:63
LH:59
end_of_record
SF:lib/src/core/widgets/state_pages/error_list_task_widget.dart
DA:12,1
DA:14,1
DA:16,1
DA:17,1
DA:18,1
DA:19,4
DA:20,1
DA:26,1
DA:28,2
DA:31,1
DA:33,2
DA:37,1
DA:40,1
LF:13
LH:13
end_of_record
SF:lib/src/core/widgets/state_pages/loading_list_task_widget.dart
DA:5,93
DA:7,1
DA:9,1
DA:11,1
LF:4
LH:4
end_of_record
SF:lib/src/core/widgets/state_pages/success_list_task_widget.dart
DA:19,1
DA:21,1
DA:22,1
DA:29,1
DA:31,1
DA:33,3
DA:36,0
DA:37,0
DA:38,0
DA:41,0
DA:42,0
DA:44,0
DA:45,0
DA:46,0
DA:47,0
DA:54,1
DA:56,1
DA:57,1
DA:58,0
DA:59,0
DA:60,0
DA:62,0
DA:64,0
DA:67,1
DA:68,3
DA:69,1
DA:70,1
DA:71,3
DA:72,0
LF:29
LH:14
end_of_record
SF:lib/src/core/widgets/task_item_widget.dart
DA:10,1
DA:12,1
DA:14,1
DA:15,1
DA:16,1
DA:18,1
DA:19,2
DA:20,0
DA:23,1
DA:24,2
DA:30,3
DA:31,1
DA:32,2
DA:33,2
DA:36,1
DA:41,0
LF:16
LH:14
end_of_record
SF:lib/src/data/repository/list_task_repository_impl.dart
DA:8,1
DA:10,1
DA:12,2
DA:15,1
DA:17,2
DA:20,1
DA:22,2
DA:25,1
DA:27,2
DA:30,0
DA:32,0
DA:35,0
DA:37,0
DA:40,0
DA:42,0
DA:45,0
DA:47,0
DA:50,1
DA:52,2
LF:19
LH:11
end_of_record
SF:lib/src/data/services/local_datastorage.dart
DA:22,1
DA:26,1
DA:27,1
DA:33,1
DA:34,2
DA:35,2
DA:36,1
DA:39,1
DA:40,1
DA:41,1
DA:42,1
DA:45,1
DA:49,1
DA:50,1
DA:60,1
DA:62,1
DA:63,2
DA:66,1
DA:68,1
DA:69,1
DA:72,1
DA:74,4
DA:77,1
DA:79,1
DA:80,1
DA:83,1
DA:85,2
DA:88,1
DA:90,1
DA:91,1
DA:92,4
DA:95,0
DA:97,0
DA:98,0
DA:101,0
DA:103,0
DA:106,0
DA:108,0
DA:109,0
DA:112,0
DA:116,0
DA:118,0
DA:119,0
DA:122,0
DA:126,0
DA:128,0
DA:129,0
DA:131,0
DA:133,0
DA:137,1
DA:139,1
DA:140,1
DA:143,1
LF:53
LH:35
end_of_record
SF:lib/src/domain/usecase/create_task_usecase.dart
DA:11,1
DA:14,1
DA:17,3
DA:18,2
DA:20,0
DA:21,0
DA:23,0
DA:32,3
DA:37,1
DA:38,3
LF:10
LH:7
end_of_record
SF:lib/src/domain/usecase/delete_all_tasks_done_usecase.dart
DA:9,1
DA:12,0
DA:15,0
DA:16,0
DA:17,0
DA:18,0
DA:20,0
LF:7
LH:1
end_of_record
SF:lib/src/domain/usecase/delete_task_by_id_usecase.dart
DA:9,1
DA:11,0
DA:14,0
DA:15,0
DA:16,0
DA:17,0
DA:19,0
LF:7
LH:1
end_of_record
SF:lib/src/domain/usecase/get_all_tasks_usecase.dart
DA:10,1
DA:13,1
DA:16,2
DA:18,0
DA:19,0
DA:21,0
LF:6
LH:3
end_of_record
SF:lib/src/domain/usecase/get_done_task_usecase.dart
DA:10,1
DA:14,1
DA:17,2
DA:20,0
DA:21,0
DA:23,0
LF:6
LH:3
end_of_record
SF:lib/src/domain/usecase/get_quantity_uncompleted_tasks_usecase.dart
DA:9,1
DA:13,1
DA:16,2
DA:18,0
DA:19,0
DA:21,0
LF:6
LH:3
end_of_record
SF:lib/src/domain/usecase/get_uncompleted_tasks_usecase.dart
DA:10,1
DA:12,1
DA:15,2
DA:18,0
DA:19,0
DA:21,0
LF:6
LH:3
end_of_record
SF:lib/src/domain/usecase/search_task_by_title_usecase.dart
DA:12,1
DA:15,0
DA:18,0
DA:20,0
DA:21,0
DA:23,0
DA:30,2
DA:31,1
DA:32,2
LF:9
LH:4
end_of_record
SF:lib/src/features/create_task/bloc/create_task_bloc.dart
DA:10,2
DA:12,2
DA:13,4
DA:16,2
DA:20,6
DA:22,4
DA:23,6
DA:27,3
DA:30,6
DA:35,3
LF:10
LH:10
end_of_record
SF:lib/src/features/create_task/bloc/create_task_event.dart
DA:9,3
DA:14,1
DA:15,3
LF:3
LH:3
end_of_record
SF:lib/src/features/create_task/bloc/create_task_state.dart
DA:9,37
DA:14,3
DA:15,6
DA:17,3
DA:21,3
DA:22,3
DA:23,0
LF:7
LH:6
end_of_record
SF:lib/src/features/done_tasks/bloc/enable_buton/enable_button_cubit.dart
DA:5,4
DA:7,6
LF:2
LH:2
end_of_record
SF:lib/src/features/done_tasks/bloc/enable_buton/enable_button_state.dart
DA:5,37
DA:7,3
DA:8,6
LF:3
LH:3
end_of_record
SF:lib/src/features/done_tasks/bloc/list_done_task/list_done_task_bloc.dart
DA:15,2
DA:22,2
DA:23,4
DA:24,4
DA:25,4
DA:28,2
DA:32,6
DA:34,6
DA:37,3
DA:40,6
DA:42,2
DA:47,0
DA:51,1
DA:55,3
DA:57,3
DA:58,3
DA:60,0
DA:64,1
DA:68,3
DA:70,3
DA:71,3
DA:73,0
LF:22
LH:19
end_of_record
SF:lib/src/features/done_tasks/bloc/list_done_task/list_done_task_event.dart
DA:6,2
DA:7,2
DA:11,1
DA:12,1
DA:18,2
DA:19,1
DA:20,2
LF:7
LH:7
end_of_record
SF:lib/src/features/done_tasks/bloc/list_done_task/list_done_task_state.dart
DA:9,40
DA:14,3
DA:18,3
DA:19,3
DA:20,1
DA:24,3
DA:25,9
LF:7
LH:7
end_of_record
SF:lib/src/features/done_tasks/views/done_tasks_page.dart
DA:9,32
DA:11,2
DA:13,2
DA:14,2
DA:15,2
DA:16,0
DA:18,2
DA:19,0
LF:8
LH:6
end_of_record
SF:lib/src/features/done_tasks/views/done_tasks_view.dart
DA:24,32
DA:26,3
DA:27,3
DA:35,3
DA:37,3
DA:38,9
DA:39,9
DA:40,9
DA:43,1
DA:45,3
DA:46,2
DA:47,0
DA:48,0
DA:54,3
DA:56,3
DA:58,3
DA:59,3
DA:60,3
DA:61,3
DA:62,0
DA:66,0
DA:69,3
DA:70,3
DA:71,3
DA:72,3
DA:73,3
DA:74,8
DA:75,6
DA:76,0
DA:78,6
DA:80,6
DA:81,1
DA:82,3
DA:83,1
DA:86,7
DA:92,1
DA:93,2
DA:94,1
DA:95,1
DA:96,5
DA:97,2
DA:98,0
DA:102,0
DA:103,0
DA:104,0
DA:119,0
DA:125,0
DA:127,0
DA:129,0
DA:132,0
DA:136,0
DA:139,0
DA:143,0
DA:144,0
DA:148,0
DA:150,0
DA:153,0
DA:154,0
DA:155,0
LF:59
LH:36
end_of_record
SF:lib/src/features/done_tasks/widgets/header_done_tasks_widget.dart
DA:13,3
DA:19,3
DA:21,3
DA:23,3
DA:25,3
DA:26,3
DA:28,9
DA:32,3
DA:33,3
DA:34,3
DA:35,3
DA:36,0
DA:37,3
DA:38,9
DA:39,3
LF:15
LH:14
end_of_record
SF:lib/src/features/done_tasks/widgets/task_item_done_widget.dart
DA:10,1
DA:16,1
DA:18,1
DA:19,1
DA:20,1
DA:22,1
DA:23,2
DA:24,0
DA:26,1
DA:31,1
DA:32,2
DA:38,3
DA:39,1
DA:40,2
DA:41,2
DA:44,1
DA:49,0
LF:17
LH:15
end_of_record
SF:lib/src/features/home_navigation/widgets/app_bottom_navigation_widget.dart
DA:11,1
DA:17,1
DA:19,1
DA:20,1
DA:21,1
DA:27,1
DA:28,1
DA:29,1
DA:31,2
DA:36,1
DA:37,1
DA:39,2
DA:44,1
DA:45,1
DA:47,2
DA:52,1
DA:53,1
DA:55,2
LF:18
LH:18
end_of_record
SF:lib/src/features/list_task/view/list_task_page.dart
DA:9,31
DA:11,1
DA:13,1
DA:14,1
DA:15,1
DA:16,0
DA:18,1
DA:19,0
LF:8
LH:6
end_of_record
SF:lib/src/features/search_task/views/search_task_page.dart
DA:8,31
DA:10,1
DA:12,1
DA:13,1
DA:14,1
LF:5
LH:5
end_of_record
SF:lib/src/features/home_navigation/widgets/icon_bottom_navigation_widget.dart
DA:9,1
DA:15,1
DA:17,1
DA:18,1
DA:22,1
DA:23,1
LF:6
LH:6
end_of_record
SF:lib/src/features/list_task/bloc/get_quantity_tasks/get_quantity_tasks_bloc.dart
DA:12,2
DA:15,2
DA:16,4
DA:19,2
DA:23,6
DA:25,6
DA:28,3
DA:32,6
DA:37,3
LF:9
LH:9
end_of_record
SF:lib/src/features/list_task/bloc/get_quantity_tasks/get_quantity_tasks_event.dart
DA:6,1
DA:7,1
LF:2
LH:2
end_of_record
SF:lib/src/features/list_task/bloc/get_quantity_tasks/get_quantity_tasks_state.dart
DA:8,36
DA:13,3
DA:17,3
DA:18,0
DA:19,2
DA:23,3
DA:24,9
LF:7
LH:6
end_of_record
SF:lib/src/features/list_task/bloc/list_tasks_uncompleted/list_task_bloc.dart
DA:11,2
DA:13,2
DA:14,4
DA:17,2
DA:21,6
DA:23,6
DA:26,3
DA:30,2
DA:31,4
DA:33,2
DA:37,0
LF:11
LH:10
end_of_record
SF:lib/src/features/list_task/bloc/list_tasks_uncompleted/list_task_event.dart
DA:6,1
DA:7,1
LF:2
LH:2
end_of_record
SF:lib/src/features/list_task/bloc/list_tasks_uncompleted/list_task_state.dart
DA:9,35
DA:14,3
DA:18,3
DA:19,2
DA:20,0
DA:24,3
DA:25,9
LF:7
LH:6
end_of_record
SF:lib/src/features/list_task/view/list_task_view.dart
DA:21,31
DA:23,1
DA:24,1
DA:32,1
DA:34,1
DA:36,3
DA:37,3
DA:39,3
DA:40,3
DA:43,1
DA:45,2
DA:46,3
DA:47,3
DA:51,1
DA:53,1
DA:55,1
DA:56,1
DA:57,1
DA:58,2
DA:59,1
DA:60,1
DA:61,1
DA:62,1
DA:63,1
DA:64,1
DA:65,1
DA:67,1
DA:68,2
DA:72,1
DA:73,0
DA:74,0
DA:75,0
DA:77,1
DA:78,1
DA:80,1
DA:81,2
DA:82,1
DA:83,1
DA:84,1
LF:39
LH:36
end_of_record
SF:lib/src/features/search_task/bloc/search_task_bloc.dart
DA:13,2
DA:18,2
DA:19,4
DA:20,4
DA:23,1
DA:27,3
DA:29,2
DA:30,2
DA:34,0
DA:38,3
DA:39,1
DA:40,1
DA:45,3
DA:49,2
DA:53,6
DA:55,6
DA:58,0
DA:61,6
DA:63,2
DA:68,0
LF:20
LH:17
end_of_record
SF:lib/src/features/search_task/bloc/search_task_event.dart
DA:4,1
DA:5,1
DA:13,2
DA:15,1
DA:16,2
LF:5
LH:5
end_of_record
SF:lib/src/features/search_task/bloc/search_task_state.dart
DA:9,36
DA:14,3
DA:18,3
DA:19,6
DA:20,0
DA:24,2
DA:25,6
LF:7
LH:6
end_of_record
SF:lib/src/features/search_task/views/search_task_view.dart
DA:18,31
DA:20,1
DA:21,1
DA:29,1
DA:31,1
DA:32,2
DA:33,3
DA:34,3
DA:37,1
DA:39,2
DA:40,0
DA:41,3
DA:45,1
DA:47,2
DA:48,2
DA:49,1
DA:52,1
DA:54,1
DA:55,1
DA:56,1
DA:57,1
DA:58,0
DA:59,0
DA:61,1
DA:62,1
DA:64,1
DA:65,1
DA:66,1
DA:67,1
DA:68,1
DA:69,2
DA:70,1
DA:71,0
DA:72,0
DA:74,1
DA:78,1
DA:91,0
DA:92,0
DA:93,0
DA:94,0
DA:97,0
DA:98,0
DA:99,0
DA:101,0
LF:44
LH:31
end_of_record
SF:lib/src/features/search_task/widgets/not_found_list_task_widget.dart
DA:8,31
DA:10,0
DA:12,0
DA:14,0
DA:15,0
DA:16,0
DA:17,0
DA:18,0
DA:19,0
DA:21,0
DA:23,0
LF:11
LH:1
end_of_record
SF:lib/src/features/search_task/widgets/search_input_widget.dart
DA:16,1
DA:23,1
DA:24,1
DA:30,0
DA:31,0
DA:32,0
DA:33,0
DA:37,1
DA:39,2
DA:40,1
DA:43,1
DA:45,1
DA:47,3
DA:50,1
DA:52,1
DA:54,1
DA:55,2
DA:56,1
DA:59,1
DA:63,1
DA:68,0
DA:69,0
DA:73,3
DA:76,1
DA:77,1
DA:80,1
DA:81,1
DA:84,1
DA:85,1
DA:86,2
DA:89,1
LF:31
LH:25
end_of_record
