SF:lib/src/core/models/task_event.dart
DA:7,6
DA:9,4
DA:11,2
DA:15,6
DA:17,1
DA:18,3
DA:21,1
DA:22,2
DA:30,1
DA:32,1
DA:33,3
LF:11
LH:11
end_of_record
SF:lib/src/core/models/task_model.dart
DA:10,12
DA:17,1
DA:18,1
DA:19,1
DA:20,1
DA:21,1
DA:22,1
DA:26,1
DA:27,1
DA:28,1
DA:29,1
DA:30,1
DA:31,2
DA:35,1
DA:41,1
DA:42,1
DA:43,1
DA:44,1
DA:45,1
DA:49,7
DA:50,35
LF:21
LH:21
end_of_record
SF:lib/src/core/erros/exceptions.dart
DA:3,1
DA:8,1
LF:2
LH:2
end_of_record
SF:lib/src/core/erros/failures.dart
DA:4,1
DA:5,1
LF:2
LH:2
end_of_record
SF:lib/src/core/usecase/usecase.dart
DA:9,4
DA:10,4
LF:2
LH:2
end_of_record
SF:lib/src/domain/usecase/delete_all_tasks_done_usecase.dart
DA:9,0
DA:12,0
DA:15,0
DA:16,0
DA:17,0
DA:18,0
DA:20,0
LF:7
LH:0
end_of_record
SF:lib/src/domain/usecase/delete_task_by_id_usecase.dart
DA:9,0
DA:11,0
DA:14,0
DA:15,0
DA:16,0
DA:17,0
DA:19,0
LF:7
LH:0
end_of_record
SF:lib/src/domain/usecase/get_done_task_usecase.dart
DA:10,0
DA:14,0
DA:17,0
DA:20,0
DA:21,0
DA:23,0
LF:6
LH:0
end_of_record
SF:lib/src/features/done_tasks/bloc/list_done_task/list_done_task_bloc.dart
DA:15,1
DA:22,1
DA:23,2
DA:24,2
DA:25,2
DA:28,1
DA:32,3
DA:34,3
DA:37,3
DA:40,3
DA:42,1
DA:47,0
DA:51,1
DA:55,3
DA:57,3
DA:58,3
DA:60,0
DA:64,1
DA:68,3
DA:70,3
DA:71,3
DA:73,0
LF:22
LH:19
end_of_record
SF:lib/src/features/done_tasks/bloc/list_done_task/list_done_task_event.dart
DA:6,2
DA:7,2
DA:11,1
DA:12,1
DA:18,2
DA:19,1
DA:20,2
LF:7
LH:7
end_of_record
SF:lib/src/features/done_tasks/bloc/list_done_task/list_done_task_state.dart
DA:9,31
DA:14,2
DA:18,2
DA:19,2
DA:20,1
DA:24,2
DA:25,6
LF:7
LH:7
end_of_record
SF:lib/src/core/constants/app_colors.dart
DA:16,0
DA:17,0
LF:2
LH:0
end_of_record
SF:lib/src/core/constants/app_strings.dart
DA:4,0
DA:5,0
DA:43,0
DA:44,0
LF:4
LH:0
end_of_record
SF:lib/src/core/extensions/size_extension.dart
DA:4,6
LF:1
LH:1
end_of_record
SF:lib/src/core/extensions/theme_extension.dart
DA:4,3
LF:1
LH:1
end_of_record
SF:lib/src/core/mixins/task_listener_mixin.dart
DA:14,1
DA:16,1
DA:17,5
DA:20,0
DA:21,0
DA:24,1
DA:26,2
DA:27,1
LF:8
LH:6
end_of_record
SF:lib/src/core/mixins/task_notifier_mixin.dart
DA:11,0
DA:13,0
DA:14,0
LF:3
LH:0
end_of_record
SF:lib/src/core/widgets/app_input_text_widget.dart
DA:7,0
DA:18,0
DA:20,0
DA:21,0
DA:23,0
DA:24,0
DA:29,0
DA:30,0
DA:32,0
DA:33,0
DA:34,0
LF:11
LH:0
end_of_record
SF:lib/src/core/widgets/button/bloc/button_cubit.dart
DA:6,2
DA:8,1
DA:9,3
LF:3
LH:3
end_of_record
SF:lib/src/core/widgets/button/bloc/button_state.dart
DA:7,13
DA:9,2
DA:10,3
DA:13,2
DA:14,4
LF:5
LH:5
end_of_record
SF:lib/src/core/widgets/button/view/app_buttom_widget.dart
DA:14,1
DA:23,1
DA:30,1
DA:39,0
DA:47,0
DA:57,1
DA:59,2
DA:60,2
DA:61,1
DA:63,1
DA:64,1
DA:65,3
DA:66,3
DA:67,1
DA:70,1
DA:72,1
DA:73,1
DA:74,1
DA:75,1
DA:81,1
DA:83,1
DA:84,1
DA:85,3
DA:88,1
DA:89,1
LF:25
LH:23
end_of_record
SF:lib/src/core/widgets/loading_item_widget.dart
DA:11,9
DA:19,0
DA:21,0
DA:23,0
DA:24,0
DA:25,0
DA:26,0
DA:27,0
DA:28,0
DA:30,0
LF:10
LH:1
end_of_record
SF:lib/src/core/widgets/snackbar/snackbar_floating.dart
DA:13,0
DA:23,0
DA:24,0
DA:25,0
DA:26,0
DA:27,0
DA:28,0
DA:38,0
DA:39,0
DA:43,0
DA:45,0
DA:48,0
DA:49,0
DA:50,0
DA:52,0
DA:54,0
DA:55,0
DA:56,0
DA:57,0
DA:58,0
DA:59,0
DA:63,0
DA:64,0
LF:23
LH:0
end_of_record
SF:lib/src/core/widgets/snackbar/snackbar_mixin.dart
DA:6,0
DA:13,0
DA:24,0
LF:3
LH:0
end_of_record
SF:lib/src/core/widgets/state_pages/empty_list_task_widget.dart
DA:12,9
DA:14,1
DA:16,1
DA:18,1
DA:19,4
DA:20,1
DA:21,1
DA:22,1
DA:23,1
DA:25,1
DA:27,2
DA:30,1
DA:31,1
DA:32,1
DA:36,0
DA:37,0
LF:16
LH:14
end_of_record
SF:lib/src/features/create_task/view/create_task_view.dart
DA:21,9
DA:23,0
DA:24,0
DA:31,0
DA:32,0
DA:33,0
DA:34,0
DA:36,0
DA:37,0
DA:45,0
DA:46,0
DA:57,0
DA:59,0
DA:60,0
DA:61,0
DA:63,0
DA:65,0
DA:66,0
DA:67,0
DA:70,0
DA:74,0
DA:76,0
DA:77,0
DA:78,0
DA:79,0
DA:80,0
DA:81,0
DA:82,0
DA:83,0
DA:85,0
DA:88,0
DA:93,0
DA:94,0
DA:95,0
DA:104,0
DA:107,0
DA:108,0
DA:109,0
DA:111,0
DA:113,0
DA:114,0
DA:115,0
DA:116,0
DA:119,0
DA:121,0
DA:123,0
DA:129,0
DA:131,0
DA:136,0
DA:138,0
DA:143,0
DA:144,0
DA:145,0
DA:146,0
DA:148,0
DA:151,0
DA:152,0
DA:153,0
DA:154,0
DA:155,0
LF:60
LH:1
end_of_record
SF:lib/src/core/widgets/state_pages/error_list_task_widget.dart
DA:11,1
DA:13,1
DA:15,1
DA:16,1
DA:17,1
DA:18,4
DA:19,1
DA:25,1
DA:27,2
DA:30,1
DA:32,2
DA:36,1
DA:39,1
LF:13
LH:13
end_of_record
SF:lib/src/core/widgets/state_pages/loading_list_task_widget.dart
DA:5,9
DA:7,0
DA:9,0
DA:11,0
LF:4
LH:1
end_of_record
SF:lib/src/domain/usecase/create_task_usecase.dart
DA:11,0
DA:14,0
DA:17,0
DA:18,0
DA:20,0
DA:21,0
DA:23,0
DA:32,2
DA:37,1
DA:38,3
LF:10
LH:3
end_of_record
SF:lib/src/features/create_task/bloc/create_task_bloc.dart
DA:10,1
DA:12,1
DA:13,2
DA:16,1
DA:20,3
DA:22,2
DA:23,3
DA:27,3
DA:30,3
DA:35,3
LF:10
LH:10
end_of_record
SF:lib/src/features/create_task/bloc/create_task_event.dart
DA:9,2
DA:14,1
DA:15,3
LF:3
LH:3
end_of_record
SF:lib/src/features/create_task/bloc/create_task_state.dart
DA:9,13
DA:14,2
DA:15,4
DA:17,2
DA:21,2
DA:22,2
DA:23,0
LF:7
LH:6
end_of_record
SF:lib/src/features/done_tasks/bloc/enable_buton/enable_button_cubit.dart
DA:4,2
DA:6,2
LF:2
LH:2
end_of_record
SF:lib/src/features/done_tasks/views/done_tasks_view.dart
DA:24,1
DA:26,1
DA:27,1
DA:35,1
DA:37,1
DA:38,3
DA:39,3
DA:40,3
DA:43,0
DA:45,0
DA:46,0
DA:47,0
DA:48,0
DA:50,0
DA:57,1
DA:59,1
DA:61,1
DA:62,1
DA:63,1
DA:64,1
DA:65,0
DA:69,0
DA:72,1
DA:73,1
DA:74,1
DA:75,1
DA:76,1
DA:77,3
DA:78,2
DA:79,0
DA:81,2
DA:83,2
DA:84,1
DA:85,3
DA:86,1
DA:89,3
DA:95,1
DA:96,2
DA:97,1
DA:98,1
DA:99,5
DA:100,2
DA:101,0
DA:105,0
DA:106,0
DA:107,0
DA:122,0
DA:128,0
DA:130,0
DA:132,0
DA:135,0
DA:139,0
DA:142,0
DA:146,0
DA:147,0
DA:151,0
DA:153,0
DA:156,0
DA:157,0
DA:158,0
LF:60
LH:33
end_of_record
SF:lib/src/features/done_tasks/widgets/header_done_tasks_widget.dart
DA:12,1
DA:18,1
DA:20,1
DA:22,1
DA:24,1
DA:25,1
DA:27,3
DA:31,1
DA:32,1
DA:33,1
DA:34,1
DA:35,0
DA:36,1
DA:37,3
LF:14
LH:13
end_of_record
SF:lib/src/features/done_tasks/widgets/task_item_done_widget.dart
DA:10,1
DA:16,1
DA:18,1
DA:19,1
DA:20,1
DA:22,1
DA:23,2
DA:24,0
DA:26,1
DA:31,1
DA:32,2
DA:38,3
DA:39,1
DA:40,2
DA:41,2
DA:44,1
DA:49,0
LF:17
LH:15
end_of_record
SF:lib/src/core/bloc/update_task_state.dart
DA:9,5
DA:14,2
DA:18,2
DA:19,1
DA:20,0
DA:24,2
DA:25,6
LF:7
LH:6
end_of_record
SF:lib/src/core/bloc/update_task_event.dart
DA:9,2
DA:11,1
DA:12,2
LF:3
LH:3
end_of_record
SF:lib/src/core/bloc/update_task_bloc.dart
DA:10,1
DA:12,1
DA:13,2
DA:16,1
DA:20,3
DA:22,3
DA:25,3
DA:28,3
DA:33,3
LF:9
LH:9
end_of_record
SF:lib/src/domain/usecase/update_task_usecase.dart
DA:10,0
DA:13,0
DA:16,0
DA:18,0
DA:19,0
DA:21,0
LF:6
LH:0
end_of_record
SF:lib/src/features/search_task/bloc/search_task_event.dart
DA:4,1
DA:5,1
DA:13,2
DA:15,1
DA:16,2
LF:5
LH:5
end_of_record
SF:lib/src/features/search_task/bloc/search_task_state.dart
DA:9,5
DA:14,2
DA:18,2
DA:19,4
DA:20,0
DA:24,1
DA:25,3
LF:7
LH:6
end_of_record
SF:lib/src/domain/usecase/get_all_tasks_usecase.dart
DA:10,0
DA:13,0
DA:16,0
DA:18,0
DA:19,0
DA:21,0
LF:6
LH:0
end_of_record
SF:lib/src/domain/usecase/search_task_by_title_usecase.dart
DA:12,0
DA:15,0
DA:18,0
DA:20,0
DA:21,0
DA:23,0
DA:30,2
DA:31,1
DA:32,2
LF:9
LH:3
end_of_record
SF:lib/src/features/search_task/bloc/search_task_bloc.dart
DA:13,1
DA:18,1
DA:19,2
DA:20,2
DA:23,1
DA:27,3
DA:29,2
DA:30,2
DA:34,0
DA:38,3
DA:39,1
DA:40,1
DA:45,3
DA:49,1
DA:53,3
DA:55,3
DA:58,0
DA:61,3
DA:63,1
DA:68,0
LF:20
LH:17
end_of_record
SF:lib/src/features/done_tasks/bloc/enable_buton/enable_button_state.dart
DA:5,1
DA:7,1
DA:8,2
LF:3
LH:3
end_of_record
SF:lib/src/domain/usecase/get_quantity_uncompleted_tasks_usecase.dart
DA:9,0
DA:13,0
DA:16,0
DA:18,0
DA:19,0
DA:21,0
LF:6
LH:0
end_of_record
SF:lib/src/features/list_task/bloc/get_quantity_tasks/get_quantity_tasks_bloc.dart
DA:12,1
DA:15,1
DA:16,2
DA:19,1
DA:23,3
DA:25,3
DA:28,3
DA:32,3
DA:37,3
LF:9
LH:9
end_of_record
SF:lib/src/features/list_task/bloc/get_quantity_tasks/get_quantity_tasks_event.dart
DA:6,1
DA:7,1
LF:2
LH:2
end_of_record
SF:lib/src/features/list_task/bloc/get_quantity_tasks/get_quantity_tasks_state.dart
DA:8,7
DA:13,2
DA:17,2
DA:18,0
DA:19,1
DA:23,2
DA:24,6
LF:7
LH:6
end_of_record
SF:lib/src/features/list_task/bloc/list_tasks_uncompleted/list_task_state.dart
DA:9,4
DA:14,2
DA:18,2
DA:19,1
DA:20,0
DA:24,2
DA:25,6
LF:7
LH:6
end_of_record
SF:lib/src/features/list_task/bloc/list_tasks_uncompleted/list_task_event.dart
DA:6,1
DA:7,1
LF:2
LH:2
end_of_record
SF:lib/src/domain/usecase/get_uncompleted_tasks_usecase.dart
DA:10,0
DA:12,0
DA:15,0
DA:18,0
DA:19,0
DA:21,0
LF:6
LH:0
end_of_record
SF:lib/src/features/list_task/bloc/list_tasks_uncompleted/list_task_bloc.dart
DA:11,1
DA:13,1
DA:14,2
DA:17,1
DA:21,3
DA:23,3
DA:26,3
DA:30,1
DA:31,2
DA:33,1
DA:37,0
LF:11
LH:10
end_of_record
